[2023-03-04 15:30:08.579] [traceId:] [main] [INFO] xyr.riun.webcommon.WebCommonApplication:55 x:() - Starting WebCommonApplication using Java 1.8.0_221 on DESKTOP-N9I205O with PID 15120 (E:\JavaWork\WebCommon\target\classes started by riun in E:\JavaWork\WebCommon)
[2023-03-04 15:30:08.579] [traceId:] [main] [INFO] xyr.riun.webcommon.WebCommonApplication:637 x:() - The following 1 profile is active: "fat"
[2023-03-04 15:30:09.335] [traceId:] [main] [INFO] org.springframework.boot.web.embedded.tomcat.TomcatWebServer:108 x:() - Tomcat initialized with port(s): 8080 (http)
[2023-03-04 15:30:09.340] [traceId:] [main] [INFO] org.apache.coyote.http11.Http11NioProtocol:173 x:() - Initializing ProtocolHandler ["http-nio-8080"]
[2023-03-04 15:30:09.341] [traceId:] [main] [INFO] org.apache.catalina.core.StandardService:173 x:() - Starting service [Tomcat]
[2023-03-04 15:30:09.341] [traceId:] [main] [INFO] org.apache.catalina.core.StandardEngine:173 x:() - Starting Servlet engine: [Apache Tomcat/9.0.71]
[2023-03-04 15:30:09.416] [traceId:] [main] [INFO] org.apache.catalina.core.ContainerBase.[Tomcat].[localhost].[/]:173 x:() - Initializing Spring embedded WebApplicationContext
[2023-03-04 15:30:09.416] [traceId:] [main] [INFO] org.springframework.boot.web.servlet.context.ServletWebServerApplicationContext:292 x:() - Root WebApplicationContext: initialization completed in 805 ms
[2023-03-04 15:30:09.472] [traceId:] [main] [INFO] xyr.riun.webcommon.thread.ExecutorConfig:56 x:() - start asyncServiceExecutor------------------------
[2023-03-04 15:30:09.688] [traceId:] [main] [INFO] org.apache.coyote.http11.Http11NioProtocol:173 x:() - Starting ProtocolHandler ["http-nio-8080"]
[2023-03-04 15:30:09.704] [traceId:] [main] [WARN] org.springframework.boot.web.servlet.context.AnnotationConfigServletWebServerApplicationContext:591 x:() - Exception encountered during context initialization - cancelling refresh attempt: org.springframework.context.ApplicationContextException: Failed to start bean 'webServerStartStop'; nested exception is org.springframework.boot.web.server.PortInUseException: Port 8080 is already in use
[2023-03-04 15:30:09.704] [traceId:] [main] [INFO] org.apache.coyote.http11.Http11NioProtocol:173 x:() - Pausing ProtocolHandler ["http-nio-8080"]
[2023-03-04 15:30:09.704] [traceId:] [main] [INFO] org.apache.catalina.core.StandardService:173 x:() - Stopping service [Tomcat]
[2023-03-04 15:30:09.704] [traceId:] [main] [INFO] org.apache.coyote.http11.Http11NioProtocol:173 x:() - Stopping ProtocolHandler ["http-nio-8080"]
[2023-03-04 15:30:09.704] [traceId:] [main] [INFO] org.apache.coyote.http11.Http11NioProtocol:173 x:() - Destroying ProtocolHandler ["http-nio-8080"]
[2023-03-04 15:30:09.704] [traceId:] [main] [INFO] org.springframework.boot.autoconfigure.logging.ConditionEvaluationReportLoggingListener:136 x:() - 

Error starting ApplicationContext. To display the conditions report re-run your application with 'debug' enabled.
[2023-03-04 15:30:09.758] [traceId:] [main] [ERROR] org.springframework.boot.diagnostics.LoggingFailureAnalysisReporter:40 x:() - 

***************************
APPLICATION FAILED TO START
***************************

Description:

Web server failed to start. Port 8080 was already in use.

Action:

Identify and stop the process that's listening on port 8080 or configure this application to listen on another port.

[2023-03-04 15:30:33.401] [traceId:] [main] [INFO] xyr.riun.webcommon.WebCommonApplication:55 x:() - Starting WebCommonApplication using Java 1.8.0_221 on DESKTOP-N9I205O with PID 10480 (E:\JavaWork\WebCommon\target\classes started by riun in E:\JavaWork\WebCommon)
[2023-03-04 15:30:33.404] [traceId:] [main] [INFO] xyr.riun.webcommon.WebCommonApplication:637 x:() - The following 1 profile is active: "fat"
[2023-03-04 15:30:34.082] [traceId:] [main] [INFO] org.springframework.boot.web.embedded.tomcat.TomcatWebServer:108 x:() - Tomcat initialized with port(s): 8080 (http)
[2023-03-04 15:30:34.086] [traceId:] [main] [INFO] org.apache.coyote.http11.Http11NioProtocol:173 x:() - Initializing ProtocolHandler ["http-nio-8080"]
[2023-03-04 15:30:34.086] [traceId:] [main] [INFO] org.apache.catalina.core.StandardService:173 x:() - Starting service [Tomcat]
[2023-03-04 15:30:34.086] [traceId:] [main] [INFO] org.apache.catalina.core.StandardEngine:173 x:() - Starting Servlet engine: [Apache Tomcat/9.0.71]
[2023-03-04 15:30:34.150] [traceId:] [main] [INFO] org.apache.catalina.core.ContainerBase.[Tomcat].[localhost].[/]:173 x:() - Initializing Spring embedded WebApplicationContext
[2023-03-04 15:30:34.150] [traceId:] [main] [INFO] org.springframework.boot.web.servlet.context.ServletWebServerApplicationContext:292 x:() - Root WebApplicationContext: initialization completed in 714 ms
[2023-03-04 15:30:34.233] [traceId:] [main] [INFO] xyr.riun.webcommon.thread.ExecutorConfig:56 x:() - start asyncServiceExecutor------------------------
[2023-03-04 15:30:34.453] [traceId:] [main] [INFO] org.apache.coyote.http11.Http11NioProtocol:173 x:() - Starting ProtocolHandler ["http-nio-8080"]
[2023-03-04 15:30:34.504] [traceId:] [main] [INFO] org.springframework.boot.web.embedded.tomcat.TomcatWebServer:220 x:() - Tomcat started on port(s): 8080 (http) with context path ''
[2023-03-04 15:30:34.508] [traceId:] [main] [INFO] xyr.riun.webcommon.WebCommonApplication:61 x:() - Started WebCommonApplication in 1.475 seconds (JVM running for 2.02)
[2023-03-04 15:30:41.537] [traceId:] [http-nio-8080-exec-2] [INFO] org.apache.tomcat.util.http.parser.Cookie:173 x:() - A cookie header was received [Hm_lvt_42e73c9fac66fec186c0c380b429e35e=1667980460,1668599055,1668670518,1670046881] that contained an invalid cookie. That cookie will be ignored.
 Note: further occurrences of this error will be logged at DEBUG level.
[2023-03-04 15:30:41.541] [traceId:] [http-nio-8080-exec-2] [INFO] org.apache.catalina.core.ContainerBase.[Tomcat].[localhost].[/]:173 x:() - Initializing Spring DispatcherServlet 'dispatcherServlet'
[2023-03-04 15:30:41.541] [traceId:] [http-nio-8080-exec-2] [INFO] org.springframework.web.servlet.DispatcherServlet:525 x:() - Initializing Servlet 'dispatcherServlet'
[2023-03-04 15:30:41.542] [traceId:] [http-nio-8080-exec-2] [INFO] org.springframework.web.servlet.DispatcherServlet:547 x:() - Completed initialization in 1 ms
[2023-03-04 15:31:08.907] [traceId:] [main] [ERROR] org.springframework.boot.diagnostics.LoggingFailureAnalysisReporter:40 x:() - 

***************************
APPLICATION FAILED TO START
***************************

Description:

Failed to bind properties under 'logging.level' to java.util.Map<java.lang.String, org.springframework.boot.logging.LogLevel>:

    Property: logging.level
    Value: "info"
    Origin: class path resource [application.yml] - 10:10
    Reason: org.springframework.core.convert.ConverterNotFoundException: No converter found capable of converting from type [java.lang.String] to type [java.util.Map<java.lang.String, org.springframework.boot.logging.LogLevel>]

Action:

Update your application's configuration

[2023-03-04 15:31:25.497] [traceId:] [main] [INFO] xyr.riun.webcommon.WebCommonApplication:55 x:() - Starting WebCommonApplication using Java 1.8.0_221 on DESKTOP-N9I205O with PID 308 (E:\JavaWork\WebCommon\target\classes started by riun in E:\JavaWork\WebCommon)
[2023-03-04 15:31:25.497] [traceId:] [main] [INFO] xyr.riun.webcommon.WebCommonApplication:637 x:() - The following 1 profile is active: "fat"
[2023-03-04 15:31:26.150] [traceId:] [main] [INFO] org.springframework.boot.web.embedded.tomcat.TomcatWebServer:108 x:() - Tomcat initialized with port(s): 8080 (http)
[2023-03-04 15:31:26.150] [traceId:] [main] [INFO] org.apache.coyote.http11.Http11NioProtocol:173 x:() - Initializing ProtocolHandler ["http-nio-8080"]
[2023-03-04 15:31:26.166] [traceId:] [main] [INFO] org.apache.catalina.core.StandardService:173 x:() - Starting service [Tomcat]
[2023-03-04 15:31:26.166] [traceId:] [main] [INFO] org.apache.catalina.core.StandardEngine:173 x:() - Starting Servlet engine: [Apache Tomcat/9.0.71]
[2023-03-04 15:31:26.232] [traceId:] [main] [INFO] org.apache.catalina.core.ContainerBase.[Tomcat].[localhost].[/]:173 x:() - Initializing Spring embedded WebApplicationContext
[2023-03-04 15:31:26.232] [traceId:] [main] [INFO] org.springframework.boot.web.servlet.context.ServletWebServerApplicationContext:292 x:() - Root WebApplicationContext: initialization completed in 705 ms
[2023-03-04 15:31:26.303] [traceId:] [main] [INFO] xyr.riun.webcommon.thread.ExecutorConfig:56 x:() - start asyncServiceExecutor------------------------
[2023-03-04 15:31:26.519] [traceId:] [main] [INFO] org.apache.coyote.http11.Http11NioProtocol:173 x:() - Starting ProtocolHandler ["http-nio-8080"]
[2023-03-04 15:31:26.566] [traceId:] [main] [INFO] org.springframework.boot.web.embedded.tomcat.TomcatWebServer:220 x:() - Tomcat started on port(s): 8080 (http) with context path ''
[2023-03-04 15:31:26.566] [traceId:] [main] [INFO] xyr.riun.webcommon.WebCommonApplication:61 x:() - Started WebCommonApplication in 1.446 seconds (JVM running for 1.896)
[2023-03-04 15:31:29.022] [traceId:] [http-nio-8080-exec-1] [INFO] org.apache.tomcat.util.http.parser.Cookie:173 x:() - A cookie header was received [Hm_lvt_42e73c9fac66fec186c0c380b429e35e=1667980460,1668599055,1668670518,1670046881] that contained an invalid cookie. That cookie will be ignored.
 Note: further occurrences of this error will be logged at DEBUG level.
[2023-03-04 15:31:29.027] [traceId:] [http-nio-8080-exec-1] [INFO] org.apache.catalina.core.ContainerBase.[Tomcat].[localhost].[/]:173 x:() - Initializing Spring DispatcherServlet 'dispatcherServlet'
[2023-03-04 15:31:29.027] [traceId:] [http-nio-8080-exec-1] [INFO] org.springframework.web.servlet.DispatcherServlet:525 x:() - Initializing Servlet 'dispatcherServlet'
[2023-03-04 15:31:29.027] [traceId:] [http-nio-8080-exec-1] [INFO] org.springframework.web.servlet.DispatcherServlet:547 x:() - Completed initialization in 0 ms
[2023-03-04 15:32:40.208] [traceId:] [main] [INFO] xyr.riun.webcommon.WebCommonApplication:55 x:() - Starting WebCommonApplication using Java 1.8.0_221 on DESKTOP-N9I205O with PID 15808 (E:\JavaWork\WebCommon\target\classes started by riun in E:\JavaWork\WebCommon)
[2023-03-04 15:32:40.208] [traceId:] [main] [INFO] xyr.riun.webcommon.WebCommonApplication:637 x:() - The following 1 profile is active: "fat"
[2023-03-04 15:32:40.901] [traceId:] [main] [INFO] org.springframework.boot.web.embedded.tomcat.TomcatWebServer:108 x:() - Tomcat initialized with port(s): 8080 (http)
[2023-03-04 15:32:40.917] [traceId:] [main] [INFO] org.apache.coyote.http11.Http11NioProtocol:173 x:() - Initializing ProtocolHandler ["http-nio-8080"]
[2023-03-04 15:32:40.917] [traceId:] [main] [INFO] org.apache.catalina.core.StandardService:173 x:() - Starting service [Tomcat]
[2023-03-04 15:32:40.917] [traceId:] [main] [INFO] org.apache.catalina.core.StandardEngine:173 x:() - Starting Servlet engine: [Apache Tomcat/9.0.71]
[2023-03-04 15:32:41.000] [traceId:] [main] [INFO] org.apache.catalina.core.ContainerBase.[Tomcat].[localhost].[/]:173 x:() - Initializing Spring embedded WebApplicationContext
[2023-03-04 15:32:41.000] [traceId:] [main] [INFO] org.springframework.boot.web.servlet.context.ServletWebServerApplicationContext:292 x:() - Root WebApplicationContext: initialization completed in 762 ms
[2023-03-04 15:32:41.069] [traceId:] [main] [INFO] xyr.riun.webcommon.thread.ExecutorConfig:56 x:() - start asyncServiceExecutor------------------------
[2023-03-04 15:32:41.300] [traceId:] [main] [INFO] org.apache.coyote.http11.Http11NioProtocol:173 x:() - Starting ProtocolHandler ["http-nio-8080"]
[2023-03-04 15:32:41.338] [traceId:] [main] [INFO] org.springframework.boot.web.embedded.tomcat.TomcatWebServer:220 x:() - Tomcat started on port(s): 8080 (http) with context path ''
[2023-03-04 15:32:41.338] [traceId:] [main] [INFO] xyr.riun.webcommon.WebCommonApplication:61 x:() - Started WebCommonApplication in 1.502 seconds (JVM running for 1.963)
[2023-03-04 15:32:45.507] [traceId:] [http-nio-8080-exec-1] [INFO] org.apache.tomcat.util.http.parser.Cookie:173 x:() - A cookie header was received [Hm_lvt_42e73c9fac66fec186c0c380b429e35e=1667980460,1668599055,1668670518,1670046881] that contained an invalid cookie. That cookie will be ignored.
 Note: further occurrences of this error will be logged at DEBUG level.
[2023-03-04 15:32:45.512] [traceId:] [http-nio-8080-exec-1] [INFO] org.apache.catalina.core.ContainerBase.[Tomcat].[localhost].[/]:173 x:() - Initializing Spring DispatcherServlet 'dispatcherServlet'
[2023-03-04 15:32:45.512] [traceId:] [http-nio-8080-exec-1] [INFO] org.springframework.web.servlet.DispatcherServlet:525 x:() - Initializing Servlet 'dispatcherServlet'
[2023-03-04 15:32:45.513] [traceId:] [http-nio-8080-exec-1] [INFO] org.springframework.web.servlet.DispatcherServlet:547 x:() - Completed initialization in 0 ms
[2023-03-04 15:32:45.538] [traceId:4E9XUmYEysVoQry76T] [http-nio-8080-exec-1] [INFO] xyr.riun.webcommon.config.LogAspect:40 x:(RequestId=4E9XUmYEysVoQry76T) - 外层请求类名: xyr.riun.webcommon.controller.HsController
[2023-03-04 15:32:45.540] [traceId:4E9XUmYEysVoQry76T] [http-nio-8080-exec-1] [INFO] xyr.riun.webcommon.config.LogAspect:42 x:(RequestId=4E9XUmYEysVoQry76T) - 外层请求方法: hs
[2023-03-04 15:32:45.594] [traceId:4E9XUmYEysVoQry76T] [http-nio-8080-exec-1] [INFO] xyr.riun.webcommon.config.LogAspect:63 x:(RequestId=4E9XUmYEysVoQry76T) - 外层返回data: ok
[2023-03-04 15:32:45.594] [traceId:4E9XUmYEysVoQry76T] [http-nio-8080-exec-1] [INFO] xyr.riun.webcommon.config.LogAspect:64 x:(RequestId=4E9XUmYEysVoQry76T) - 外层耗时: 3
[2023-03-04 15:32:54.099] [traceId:] [main] [INFO] xyr.riun.webcommon.WebCommonApplication:55 x:() - Starting WebCommonApplication using Java 1.8.0_221 on DESKTOP-N9I205O with PID 9384 (E:\JavaWork\WebCommon\target\classes started by riun in E:\JavaWork\WebCommon)
[2023-03-04 15:32:54.115] [traceId:] [main] [INFO] xyr.riun.webcommon.WebCommonApplication:637 x:() - The following 1 profile is active: "fat"
[2023-03-04 15:32:54.789] [traceId:] [main] [INFO] org.springframework.boot.web.embedded.tomcat.TomcatWebServer:108 x:() - Tomcat initialized with port(s): 8080 (http)
[2023-03-04 15:32:54.789] [traceId:] [main] [INFO] org.apache.coyote.http11.Http11NioProtocol:173 x:() - Initializing ProtocolHandler ["http-nio-8080"]
[2023-03-04 15:32:54.804] [traceId:] [main] [INFO] org.apache.catalina.core.StandardService:173 x:() - Starting service [Tomcat]
[2023-03-04 15:32:54.804] [traceId:] [main] [INFO] org.apache.catalina.core.StandardEngine:173 x:() - Starting Servlet engine: [Apache Tomcat/9.0.71]
[2023-03-04 15:32:54.873] [traceId:] [main] [INFO] org.apache.catalina.core.ContainerBase.[Tomcat].[localhost].[/]:173 x:() - Initializing Spring embedded WebApplicationContext
[2023-03-04 15:32:54.873] [traceId:] [main] [INFO] org.springframework.boot.web.servlet.context.ServletWebServerApplicationContext:292 x:() - Root WebApplicationContext: initialization completed in 735 ms
[2023-03-04 15:32:54.952] [traceId:] [main] [INFO] xyr.riun.webcommon.thread.ExecutorConfig:56 x:() - start asyncServiceExecutor------------------------
[2023-03-04 15:32:55.173] [traceId:] [main] [INFO] org.apache.coyote.http11.Http11NioProtocol:173 x:() - Starting ProtocolHandler ["http-nio-8080"]
[2023-03-04 15:32:55.220] [traceId:] [main] [INFO] org.springframework.boot.web.embedded.tomcat.TomcatWebServer:220 x:() - Tomcat started on port(s): 8080 (http) with context path ''
[2023-03-04 15:32:55.220] [traceId:] [main] [INFO] xyr.riun.webcommon.WebCommonApplication:61 x:() - Started WebCommonApplication in 1.47 seconds (JVM running for 1.96)
[2023-03-04 15:32:58.286] [traceId:] [http-nio-8080-exec-1] [INFO] org.apache.tomcat.util.http.parser.Cookie:173 x:() - A cookie header was received [Hm_lvt_42e73c9fac66fec186c0c380b429e35e=1667980460,1668599055,1668670518,1670046881] that contained an invalid cookie. That cookie will be ignored.
 Note: further occurrences of this error will be logged at DEBUG level.
[2023-03-04 15:32:58.291] [traceId:] [http-nio-8080-exec-1] [INFO] org.apache.catalina.core.ContainerBase.[Tomcat].[localhost].[/]:173 x:() - Initializing Spring DispatcherServlet 'dispatcherServlet'
[2023-03-04 15:32:58.291] [traceId:] [http-nio-8080-exec-1] [INFO] org.springframework.web.servlet.DispatcherServlet:525 x:() - Initializing Servlet 'dispatcherServlet'
[2023-03-04 15:32:58.291] [traceId:] [http-nio-8080-exec-1] [INFO] org.springframework.web.servlet.DispatcherServlet:547 x:() - Completed initialization in 0 ms
[2023-03-04 15:32:58.310] [traceId:4EnUz0sE4ayNcY6oTT] [http-nio-8080-exec-1] [INFO] xyr.riun.webcommon.config.LogAspect:40 x:(RequestId=4EnUz0sE4ayNcY6oTT) - 外层请求类名: xyr.riun.webcommon.controller.HsController
[2023-03-04 15:32:58.311] [traceId:4EnUz0sE4ayNcY6oTT] [http-nio-8080-exec-1] [INFO] xyr.riun.webcommon.config.LogAspect:42 x:(RequestId=4EnUz0sE4ayNcY6oTT) - 外层请求方法: hs
[2023-03-04 15:32:58.369] [traceId:4EnUz0sE4ayNcY6oTT] [http-nio-8080-exec-1] [INFO] xyr.riun.webcommon.config.LogAspect:63 x:(RequestId=4EnUz0sE4ayNcY6oTT) - 外层返回data: ok
[2023-03-04 15:32:58.369] [traceId:4EnUz0sE4ayNcY6oTT] [http-nio-8080-exec-1] [INFO] xyr.riun.webcommon.config.LogAspect:64 x:(RequestId=4EnUz0sE4ayNcY6oTT) - 外层耗时: 3
[2023-03-04 15:33:14.702] [traceId:] [main] [INFO] xyr.riun.webcommon.WebCommonApplication:55 x:() - Starting WebCommonApplication using Java 1.8.0_221 on DESKTOP-N9I205O with PID 120 (E:\JavaWork\WebCommon\target\classes started by riun in E:\JavaWork\WebCommon)
[2023-03-04 15:33:14.702] [traceId:] [main] [INFO] xyr.riun.webcommon.WebCommonApplication:637 x:() - The following 1 profile is active: "fat"
[2023-03-04 15:33:15.377] [traceId:] [main] [INFO] org.springframework.boot.web.embedded.tomcat.TomcatWebServer:108 x:() - Tomcat initialized with port(s): 8080 (http)
[2023-03-04 15:33:15.377] [traceId:] [main] [INFO] org.apache.coyote.http11.Http11NioProtocol:173 x:() - Initializing ProtocolHandler ["http-nio-8080"]
[2023-03-04 15:33:15.377] [traceId:] [main] [INFO] org.apache.catalina.core.StandardService:173 x:() - Starting service [Tomcat]
[2023-03-04 15:33:15.377] [traceId:] [main] [INFO] org.apache.catalina.core.StandardEngine:173 x:() - Starting Servlet engine: [Apache Tomcat/9.0.71]
[2023-03-04 15:33:15.455] [traceId:] [main] [INFO] org.apache.catalina.core.ContainerBase.[Tomcat].[localhost].[/]:173 x:() - Initializing Spring embedded WebApplicationContext
[2023-03-04 15:33:15.455] [traceId:] [main] [INFO] org.springframework.boot.web.servlet.context.ServletWebServerApplicationContext:292 x:() - Root WebApplicationContext: initialization completed in 722 ms
[2023-03-04 15:33:15.524] [traceId:] [main] [INFO] xyr.riun.webcommon.thread.ExecutorConfig:56 x:() - start asyncServiceExecutor------------------------
[2023-03-04 15:33:15.740] [traceId:] [main] [INFO] org.apache.coyote.http11.Http11NioProtocol:173 x:() - Starting ProtocolHandler ["http-nio-8080"]
[2023-03-04 15:33:15.793] [traceId:] [main] [INFO] org.springframework.boot.web.embedded.tomcat.TomcatWebServer:220 x:() - Tomcat started on port(s): 8080 (http) with context path ''
[2023-03-04 15:33:15.793] [traceId:] [main] [INFO] xyr.riun.webcommon.WebCommonApplication:61 x:() - Started WebCommonApplication in 1.445 seconds (JVM running for 1.986)
[2023-03-04 15:33:16.714] [traceId:] [http-nio-8080-exec-1] [INFO] org.apache.tomcat.util.http.parser.Cookie:173 x:() - A cookie header was received [Hm_lvt_42e73c9fac66fec186c0c380b429e35e=1667980460,1668599055,1668670518,1670046881] that contained an invalid cookie. That cookie will be ignored.
 Note: further occurrences of this error will be logged at DEBUG level.
[2023-03-04 15:33:16.719] [traceId:] [http-nio-8080-exec-1] [INFO] org.apache.catalina.core.ContainerBase.[Tomcat].[localhost].[/]:173 x:() - Initializing Spring DispatcherServlet 'dispatcherServlet'
[2023-03-04 15:33:16.719] [traceId:] [http-nio-8080-exec-1] [INFO] org.springframework.web.servlet.DispatcherServlet:525 x:() - Initializing Servlet 'dispatcherServlet'
[2023-03-04 15:33:16.719] [traceId:] [http-nio-8080-exec-1] [INFO] org.springframework.web.servlet.DispatcherServlet:547 x:() - Completed initialization in 0 ms
[2023-03-04 15:33:16.737] [traceId:4EI1Jno4Yc0UuhaUkm] [http-nio-8080-exec-1] [INFO] xyr.riun.webcommon.config.LogAspect:40 x:(RequestId=4EI1Jno4Yc0UuhaUkm) - 外层请求类名: xyr.riun.webcommon.controller.HsController
[2023-03-04 15:33:16.739] [traceId:4EI1Jno4Yc0UuhaUkm] [http-nio-8080-exec-1] [INFO] xyr.riun.webcommon.config.LogAspect:42 x:(RequestId=4EI1Jno4Yc0UuhaUkm) - 外层请求方法: hs
[2023-03-04 15:33:16.791] [traceId:4EI1Jno4Yc0UuhaUkm] [http-nio-8080-exec-1] [INFO] xyr.riun.webcommon.config.LogAspect:63 x:(RequestId=4EI1Jno4Yc0UuhaUkm) - 外层返回data: ok
[2023-03-04 15:33:16.792] [traceId:4EI1Jno4Yc0UuhaUkm] [http-nio-8080-exec-1] [INFO] xyr.riun.webcommon.config.LogAspect:64 x:(RequestId=4EI1Jno4Yc0UuhaUkm) - 外层耗时: 3
[2023-03-04 15:33:19.933] [traceId:4ELwUlLKw48kaIR2ER] [http-nio-8080-exec-3] [INFO] xyr.riun.webcommon.config.LogAspect:40 x:(RequestId=4ELwUlLKw48kaIR2ER) - 外层请求类名: xyr.riun.webcommon.controller.HsController
[2023-03-04 15:33:19.934] [traceId:4ELwUlLKw48kaIR2ER] [http-nio-8080-exec-3] [INFO] xyr.riun.webcommon.config.LogAspect:42 x:(RequestId=4ELwUlLKw48kaIR2ER) - 外层请求方法: test
[2023-03-04 15:33:19.935] [traceId:4ELwUlLKw48kaIR2ER] [http-nio-8080-exec-3] [ERROR] xyr.riun.webcommon.config.LogAspect:67 x:(RequestId=4ELwUlLKw48kaIR2ER) - 外层异常: / by zero
[2023-03-04 15:33:19.937] [traceId:] [http-nio-8080-exec-3] [ERROR] xyr.riun.webcommon.exception.GlobalExceptionHandle:80 x:() - 异常request uri: /test
[2023-03-04 15:33:19.939] [traceId:] [http-nio-8080-exec-3] [ERROR] xyr.riun.webcommon.exception.GlobalExceptionHandle:81 x:() - / by zero
java.lang.ArithmeticException: / by zero
	at xyr.riun.webcommon.controller.HsController.test(HsController.java:31)
	at xyr.riun.webcommon.controller.HsController$$FastClassBySpringCGLIB$$bb932929.invoke(<generated>)
	at org.springframework.cglib.proxy.MethodProxy.invoke(MethodProxy.java:218)
	at org.springframework.aop.framework.CglibAopProxy$CglibMethodInvocation.invokeJoinpoint(CglibAopProxy.java:793)
	at org.springframework.aop.framework.ReflectiveMethodInvocation.proceed(ReflectiveMethodInvocation.java:163)
	at org.springframework.aop.framework.CglibAopProxy$CglibMethodInvocation.proceed(CglibAopProxy.java:763)
	at org.springframework.aop.aspectj.MethodInvocationProceedingJoinPoint.proceed(MethodInvocationProceedingJoinPoint.java:89)
	at xyr.riun.webcommon.config.LogAspect.around(LogAspect.java:61)
	at sun.reflect.NativeMethodAccessorImpl.invoke0(Native Method)
	at sun.reflect.NativeMethodAccessorImpl.invoke(NativeMethodAccessorImpl.java:62)
	at sun.reflect.DelegatingMethodAccessorImpl.invoke(DelegatingMethodAccessorImpl.java:43)
	at java.lang.reflect.Method.invoke(Method.java:498)
	at org.springframework.aop.aspectj.AbstractAspectJAdvice.invokeAdviceMethodWithGivenArgs(AbstractAspectJAdvice.java:634)
	at org.springframework.aop.aspectj.AbstractAspectJAdvice.invokeAdviceMethod(AbstractAspectJAdvice.java:624)
	at org.springframework.aop.aspectj.AspectJAroundAdvice.invoke(AspectJAroundAdvice.java:72)
	at org.springframework.aop.framework.ReflectiveMethodInvocation.proceed(ReflectiveMethodInvocation.java:186)
	at org.springframework.aop.framework.CglibAopProxy$CglibMethodInvocation.proceed(CglibAopProxy.java:763)
	at org.springframework.aop.interceptor.ExposeInvocationInterceptor.invoke(ExposeInvocationInterceptor.java:97)
	at org.springframework.aop.framework.ReflectiveMethodInvocation.proceed(ReflectiveMethodInvocation.java:186)
	at org.springframework.aop.framework.CglibAopProxy$CglibMethodInvocation.proceed(CglibAopProxy.java:763)
	at org.springframework.aop.framework.CglibAopProxy$DynamicAdvisedInterceptor.intercept(CglibAopProxy.java:708)
	at xyr.riun.webcommon.controller.HsController$$EnhancerBySpringCGLIB$$b0e5ea93.test(<generated>)
	at sun.reflect.NativeMethodAccessorImpl.invoke0(Native Method)
	at sun.reflect.NativeMethodAccessorImpl.invoke(NativeMethodAccessorImpl.java:62)
	at sun.reflect.DelegatingMethodAccessorImpl.invoke(DelegatingMethodAccessorImpl.java:43)
	at java.lang.reflect.Method.invoke(Method.java:498)
	at org.springframework.web.method.support.InvocableHandlerMethod.doInvoke(InvocableHandlerMethod.java:205)
	at org.springframework.web.method.support.InvocableHandlerMethod.invokeForRequest(InvocableHandlerMethod.java:150)
	at org.springframework.web.servlet.mvc.method.annotation.ServletInvocableHandlerMethod.invokeAndHandle(ServletInvocableHandlerMethod.java:117)
	at org.springframework.web.servlet.mvc.method.annotation.RequestMappingHandlerAdapter.invokeHandlerMethod(RequestMappingHandlerAdapter.java:895)
	at org.springframework.web.servlet.mvc.method.annotation.RequestMappingHandlerAdapter.handleInternal(RequestMappingHandlerAdapter.java:808)
	at org.springframework.web.servlet.mvc.method.AbstractHandlerMethodAdapter.handle(AbstractHandlerMethodAdapter.java:87)
	at org.springframework.web.servlet.DispatcherServlet.doDispatch(DispatcherServlet.java:1071)
	at org.springframework.web.servlet.DispatcherServlet.doService(DispatcherServlet.java:964)
	at org.springframework.web.servlet.FrameworkServlet.processRequest(FrameworkServlet.java:1006)
	at org.springframework.web.servlet.FrameworkServlet.doGet(FrameworkServlet.java:898)
	at javax.servlet.http.HttpServlet.service(HttpServlet.java:670)
	at org.springframework.web.servlet.FrameworkServlet.service(FrameworkServlet.java:883)
	at javax.servlet.http.HttpServlet.service(HttpServlet.java:779)
	at org.apache.catalina.core.ApplicationFilterChain.internalDoFilter(ApplicationFilterChain.java:227)
	at org.apache.catalina.core.ApplicationFilterChain.doFilter(ApplicationFilterChain.java:162)
	at org.apache.tomcat.websocket.server.WsFilter.doFilter(WsFilter.java:53)
	at org.apache.catalina.core.ApplicationFilterChain.internalDoFilter(ApplicationFilterChain.java:189)
	at org.apache.catalina.core.ApplicationFilterChain.doFilter(ApplicationFilterChain.java:162)
	at xyr.riun.webcommon.config.RequestFilter.doFilter(RequestFilter.java:47)
	at org.apache.catalina.core.ApplicationFilterChain.internalDoFilter(ApplicationFilterChain.java:189)
	at org.apache.catalina.core.ApplicationFilterChain.doFilter(ApplicationFilterChain.java:162)
	at org.springframework.web.filter.RequestContextFilter.doFilterInternal(RequestContextFilter.java:100)
	at org.springframework.web.filter.OncePerRequestFilter.doFilter(OncePerRequestFilter.java:117)
	at org.apache.catalina.core.ApplicationFilterChain.internalDoFilter(ApplicationFilterChain.java:189)
	at org.apache.catalina.core.ApplicationFilterChain.doFilter(ApplicationFilterChain.java:162)
	at org.springframework.web.filter.FormContentFilter.doFilterInternal(FormContentFilter.java:93)
	at org.springframework.web.filter.OncePerRequestFilter.doFilter(OncePerRequestFilter.java:117)
	at org.apache.catalina.core.ApplicationFilterChain.internalDoFilter(ApplicationFilterChain.java:189)
	at org.apache.catalina.core.ApplicationFilterChain.doFilter(ApplicationFilterChain.java:162)
	at org.springframework.web.filter.CharacterEncodingFilter.doFilterInternal(CharacterEncodingFilter.java:201)
	at org.springframework.web.filter.OncePerRequestFilter.doFilter(OncePerRequestFilter.java:117)
	at org.apache.catalina.core.ApplicationFilterChain.internalDoFilter(ApplicationFilterChain.java:189)
	at org.apache.catalina.core.ApplicationFilterChain.doFilter(ApplicationFilterChain.java:162)
	at org.apache.catalina.core.StandardWrapperValve.invoke(StandardWrapperValve.java:177)
	at org.apache.catalina.core.StandardContextValve.invoke(StandardContextValve.java:97)
	at org.apache.catalina.authenticator.AuthenticatorBase.invoke(AuthenticatorBase.java:541)
	at org.apache.catalina.core.StandardHostValve.invoke(StandardHostValve.java:135)
	at org.apache.catalina.valves.ErrorReportValve.invoke(ErrorReportValve.java:92)
	at org.apache.catalina.core.StandardEngineValve.invoke(StandardEngineValve.java:78)
	at org.apache.catalina.connector.CoyoteAdapter.service(CoyoteAdapter.java:360)
	at org.apache.coyote.http11.Http11Processor.service(Http11Processor.java:399)
	at org.apache.coyote.AbstractProcessorLight.process(AbstractProcessorLight.java:65)
	at org.apache.coyote.AbstractProtocol$ConnectionHandler.process(AbstractProtocol.java:891)
	at org.apache.tomcat.util.net.NioEndpoint$SocketProcessor.doRun(NioEndpoint.java:1784)
	at org.apache.tomcat.util.net.SocketProcessorBase.run(SocketProcessorBase.java:49)
	at org.apache.tomcat.util.threads.ThreadPoolExecutor.runWorker(ThreadPoolExecutor.java:1191)
	at org.apache.tomcat.util.threads.ThreadPoolExecutor$Worker.run(ThreadPoolExecutor.java:659)
	at org.apache.tomcat.util.threads.TaskThread$WrappingRunnable.run(TaskThread.java:61)
	at java.lang.Thread.run(Thread.java:748)
[2023-03-04 15:33:28.324] [traceId:4EUGKm2ohA8MPytuZa] [http-nio-8080-exec-2] [INFO] xyr.riun.webcommon.config.LogAspect:40 x:(RequestId=4EUGKm2ohA8MPytuZa) - 外层请求类名: xyr.riun.webcommon.controller.HsController
[2023-03-04 15:33:28.325] [traceId:4EUGKm2ohA8MPytuZa] [http-nio-8080-exec-2] [INFO] xyr.riun.webcommon.config.LogAspect:42 x:(RequestId=4EUGKm2ohA8MPytuZa) - 外层请求方法: test2
[2023-03-04 15:33:28.325] [traceId:4EUGKm2ohA8MPytuZa] [http-nio-8080-exec-2] [ERROR] xyr.riun.webcommon.config.LogAspect:67 x:(RequestId=4EUGKm2ohA8MPytuZa) - 外层异常: 错误
[2023-03-04 15:33:28.326] [traceId:] [http-nio-8080-exec-2] [ERROR] xyr.riun.webcommon.exception.GlobalExceptionHandle:39 x:() - 异常request uri: /test2
[2023-03-04 15:33:28.326] [traceId:] [http-nio-8080-exec-2] [ERROR] xyr.riun.webcommon.exception.GlobalExceptionHandle:40 x:() - 错误
xyr.riun.webcommon.model.CustomerExceptionVO: 错误
	at xyr.riun.webcommon.exception.ApiAssert.badRequest(ApiAssert.java:43)
	at xyr.riun.webcommon.controller.HsController.test2(HsController.java:38)
	at xyr.riun.webcommon.controller.HsController$$FastClassBySpringCGLIB$$bb932929.invoke(<generated>)
	at org.springframework.cglib.proxy.MethodProxy.invoke(MethodProxy.java:218)
	at org.springframework.aop.framework.CglibAopProxy$CglibMethodInvocation.invokeJoinpoint(CglibAopProxy.java:793)
	at org.springframework.aop.framework.ReflectiveMethodInvocation.proceed(ReflectiveMethodInvocation.java:163)
	at org.springframework.aop.framework.CglibAopProxy$CglibMethodInvocation.proceed(CglibAopProxy.java:763)
	at org.springframework.aop.aspectj.MethodInvocationProceedingJoinPoint.proceed(MethodInvocationProceedingJoinPoint.java:89)
	at xyr.riun.webcommon.config.LogAspect.around(LogAspect.java:61)
	at sun.reflect.NativeMethodAccessorImpl.invoke0(Native Method)
	at sun.reflect.NativeMethodAccessorImpl.invoke(NativeMethodAccessorImpl.java:62)
	at sun.reflect.DelegatingMethodAccessorImpl.invoke(DelegatingMethodAccessorImpl.java:43)
	at java.lang.reflect.Method.invoke(Method.java:498)
	at org.springframework.aop.aspectj.AbstractAspectJAdvice.invokeAdviceMethodWithGivenArgs(AbstractAspectJAdvice.java:634)
	at org.springframework.aop.aspectj.AbstractAspectJAdvice.invokeAdviceMethod(AbstractAspectJAdvice.java:624)
	at org.springframework.aop.aspectj.AspectJAroundAdvice.invoke(AspectJAroundAdvice.java:72)
	at org.springframework.aop.framework.ReflectiveMethodInvocation.proceed(ReflectiveMethodInvocation.java:186)
	at org.springframework.aop.framework.CglibAopProxy$CglibMethodInvocation.proceed(CglibAopProxy.java:763)
	at org.springframework.aop.interceptor.ExposeInvocationInterceptor.invoke(ExposeInvocationInterceptor.java:97)
	at org.springframework.aop.framework.ReflectiveMethodInvocation.proceed(ReflectiveMethodInvocation.java:186)
	at org.springframework.aop.framework.CglibAopProxy$CglibMethodInvocation.proceed(CglibAopProxy.java:763)
	at org.springframework.aop.framework.CglibAopProxy$DynamicAdvisedInterceptor.intercept(CglibAopProxy.java:708)
	at xyr.riun.webcommon.controller.HsController$$EnhancerBySpringCGLIB$$b0e5ea93.test2(<generated>)
	at sun.reflect.NativeMethodAccessorImpl.invoke0(Native Method)
	at sun.reflect.NativeMethodAccessorImpl.invoke(NativeMethodAccessorImpl.java:62)
	at sun.reflect.DelegatingMethodAccessorImpl.invoke(DelegatingMethodAccessorImpl.java:43)
	at java.lang.reflect.Method.invoke(Method.java:498)
	at org.springframework.web.method.support.InvocableHandlerMethod.doInvoke(InvocableHandlerMethod.java:205)
	at org.springframework.web.method.support.InvocableHandlerMethod.invokeForRequest(InvocableHandlerMethod.java:150)
	at org.springframework.web.servlet.mvc.method.annotation.ServletInvocableHandlerMethod.invokeAndHandle(ServletInvocableHandlerMethod.java:117)
	at org.springframework.web.servlet.mvc.method.annotation.RequestMappingHandlerAdapter.invokeHandlerMethod(RequestMappingHandlerAdapter.java:895)
	at org.springframework.web.servlet.mvc.method.annotation.RequestMappingHandlerAdapter.handleInternal(RequestMappingHandlerAdapter.java:808)
	at org.springframework.web.servlet.mvc.method.AbstractHandlerMethodAdapter.handle(AbstractHandlerMethodAdapter.java:87)
	at org.springframework.web.servlet.DispatcherServlet.doDispatch(DispatcherServlet.java:1071)
	at org.springframework.web.servlet.DispatcherServlet.doService(DispatcherServlet.java:964)
	at org.springframework.web.servlet.FrameworkServlet.processRequest(FrameworkServlet.java:1006)
	at org.springframework.web.servlet.FrameworkServlet.doGet(FrameworkServlet.java:898)
	at javax.servlet.http.HttpServlet.service(HttpServlet.java:670)
	at org.springframework.web.servlet.FrameworkServlet.service(FrameworkServlet.java:883)
	at javax.servlet.http.HttpServlet.service(HttpServlet.java:779)
	at org.apache.catalina.core.ApplicationFilterChain.internalDoFilter(ApplicationFilterChain.java:227)
	at org.apache.catalina.core.ApplicationFilterChain.doFilter(ApplicationFilterChain.java:162)
	at org.apache.tomcat.websocket.server.WsFilter.doFilter(WsFilter.java:53)
	at org.apache.catalina.core.ApplicationFilterChain.internalDoFilter(ApplicationFilterChain.java:189)
	at org.apache.catalina.core.ApplicationFilterChain.doFilter(ApplicationFilterChain.java:162)
	at xyr.riun.webcommon.config.RequestFilter.doFilter(RequestFilter.java:47)
	at org.apache.catalina.core.ApplicationFilterChain.internalDoFilter(ApplicationFilterChain.java:189)
	at org.apache.catalina.core.ApplicationFilterChain.doFilter(ApplicationFilterChain.java:162)
	at org.springframework.web.filter.RequestContextFilter.doFilterInternal(RequestContextFilter.java:100)
	at org.springframework.web.filter.OncePerRequestFilter.doFilter(OncePerRequestFilter.java:117)
	at org.apache.catalina.core.ApplicationFilterChain.internalDoFilter(ApplicationFilterChain.java:189)
	at org.apache.catalina.core.ApplicationFilterChain.doFilter(ApplicationFilterChain.java:162)
	at org.springframework.web.filter.FormContentFilter.doFilterInternal(FormContentFilter.java:93)
	at org.springframework.web.filter.OncePerRequestFilter.doFilter(OncePerRequestFilter.java:117)
	at org.apache.catalina.core.ApplicationFilterChain.internalDoFilter(ApplicationFilterChain.java:189)
	at org.apache.catalina.core.ApplicationFilterChain.doFilter(ApplicationFilterChain.java:162)
	at org.springframework.web.filter.CharacterEncodingFilter.doFilterInternal(CharacterEncodingFilter.java:201)
	at org.springframework.web.filter.OncePerRequestFilter.doFilter(OncePerRequestFilter.java:117)
	at org.apache.catalina.core.ApplicationFilterChain.internalDoFilter(ApplicationFilterChain.java:189)
	at org.apache.catalina.core.ApplicationFilterChain.doFilter(ApplicationFilterChain.java:162)
	at org.apache.catalina.core.StandardWrapperValve.invoke(StandardWrapperValve.java:177)
	at org.apache.catalina.core.StandardContextValve.invoke(StandardContextValve.java:97)
	at org.apache.catalina.authenticator.AuthenticatorBase.invoke(AuthenticatorBase.java:541)
	at org.apache.catalina.core.StandardHostValve.invoke(StandardHostValve.java:135)
	at org.apache.catalina.valves.ErrorReportValve.invoke(ErrorReportValve.java:92)
	at org.apache.catalina.core.StandardEngineValve.invoke(StandardEngineValve.java:78)
	at org.apache.catalina.connector.CoyoteAdapter.service(CoyoteAdapter.java:360)
	at org.apache.coyote.http11.Http11Processor.service(Http11Processor.java:399)
	at org.apache.coyote.AbstractProcessorLight.process(AbstractProcessorLight.java:65)
	at org.apache.coyote.AbstractProtocol$ConnectionHandler.process(AbstractProtocol.java:891)
	at org.apache.tomcat.util.net.NioEndpoint$SocketProcessor.doRun(NioEndpoint.java:1784)
	at org.apache.tomcat.util.net.SocketProcessorBase.run(SocketProcessorBase.java:49)
	at org.apache.tomcat.util.threads.ThreadPoolExecutor.runWorker(ThreadPoolExecutor.java:1191)
	at org.apache.tomcat.util.threads.ThreadPoolExecutor$Worker.run(ThreadPoolExecutor.java:659)
	at org.apache.tomcat.util.threads.TaskThread$WrappingRunnable.run(TaskThread.java:61)
	at java.lang.Thread.run(Thread.java:748)
[2023-03-04 15:33:37.535] [traceId:4F4K5iZqyhCJFGTdXD] [http-nio-8080-exec-4] [INFO] xyr.riun.webcommon.config.LogAspect:40 x:(RequestId=4F4K5iZqyhCJFGTdXD) - 外层请求类名: xyr.riun.webcommon.controller.HsController
[2023-03-04 15:33:37.535] [traceId:4F4K5iZqyhCJFGTdXD] [http-nio-8080-exec-4] [INFO] xyr.riun.webcommon.config.LogAspect:42 x:(RequestId=4F4K5iZqyhCJFGTdXD) - 外层请求方法: test3
[2023-03-04 15:33:37.539] [traceId:4F4K5iZqyhCJFGTdXD] [http-nio-8080-exec-4] [INFO] xyr.riun.webcommon.config.LogAspect:63 x:(RequestId=4F4K5iZqyhCJFGTdXD) - 外层返回data: ok
[2023-03-04 15:33:37.540] [traceId:4F4K5iZqyhCJFGTdXD] [http-nio-8080-exec-4] [INFO] xyr.riun.webcommon.config.LogAspect:64 x:(RequestId=4F4K5iZqyhCJFGTdXD) - 外层耗时: 4
[2023-03-04 15:33:37.542] [traceId:4F4K5iZqyhCJFGTdXD] [webCommon-1-thread-1] [INFO] xyr.riun.webcommon.service.TestService:19 x:(RequestId=4F4K5iZqyhCJFGTdXD) - 耗时操作 start...
[2023-03-04 15:33:39.543] [traceId:4F4K5iZqyhCJFGTdXD] [webCommon-1-thread-1] [INFO] xyr.riun.webcommon.service.TestService:21 x:(RequestId=4F4K5iZqyhCJFGTdXD) - 耗时操作 end...
[2023-03-04 15:33:44.762] [traceId:4FcDasUQDFqSeQHCQY] [http-nio-8080-exec-5] [INFO] xyr.riun.webcommon.config.LogAspect:40 x:(RequestId=4FcDasUQDFqSeQHCQY) - 外层请求类名: xyr.riun.webcommon.controller.HsController
[2023-03-04 15:33:44.762] [traceId:4FcDasUQDFqSeQHCQY] [http-nio-8080-exec-5] [INFO] xyr.riun.webcommon.config.LogAspect:42 x:(RequestId=4FcDasUQDFqSeQHCQY) - 外层请求方法: test4
[2023-03-04 15:33:44.763] [traceId:4FcDasUQDFqSeQHCQY] [http-nio-8080-exec-5] [INFO] xyr.riun.webcommon.service.TestService:25 x:(RequestId=4FcDasUQDFqSeQHCQY) - test service start...
[2023-03-04 15:33:44.763] [traceId:4FcDasUQDFqSeQHCQY] [http-nio-8080-exec-5] [INFO] xyr.riun.webcommon.service.TestService:26 x:(RequestId=4FcDasUQDFqSeQHCQY) - test service end...
[2023-03-04 15:33:44.763] [traceId:4FcDasUQDFqSeQHCQY] [http-nio-8080-exec-5] [INFO] xyr.riun.webcommon.config.LogAspect:63 x:(RequestId=4FcDasUQDFqSeQHCQY) - 外层返回data: ok
[2023-03-04 15:33:44.763] [traceId:4FcDasUQDFqSeQHCQY] [http-nio-8080-exec-5] [INFO] xyr.riun.webcommon.config.LogAspect:64 x:(RequestId=4FcDasUQDFqSeQHCQY) - 外层耗时: 1
